

Version:	3.50
CmdLine:	C:\APK\apotekrh\src\apotekrh.exe --l4j-debug
JNI:		No
WOW64:		Yes
Working dir:	C:\APK\apotekrh\src\..
Requires JDK:	No
Requires 64-Bit: No
Java min ver:	1.008.000_471
Java max ver:	
JRE paths:	C:\Program Files\Java\jre1.8.0_471
Check launcher:	C:\Program Files\Java\jre1.8.0_471\bin\javaw.exe (OK)
Version string: 1.008.000_471 / 64-Bit (OK)
Launcher:	C:\Program Files\Java\jre1.8.0_471\bin\javaw.exe
Launcher args:	-jar "C:\APK\apotekrh\src\apotekrh.exe"
Args length:	39/32768 chars
Exit code:	0


Version:	3.50
CmdLine:	C:\APK\apotekrh\src\apotekrh.exe --l4j-debug
JNI:		No
WOW64:		Yes
Working dir:	C:\APK\apotekrh\src\..
Requires JDK:	No
Requires 64-Bit: No
Java min ver:	1.008.000_471
Java max ver:	
JRE paths:	C:\Program Files\Java\jre1.8.0_471
Check launcher:	C:\Program Files\Java\jre1.8.0_471\bin\javaw.exe (OK)
Version string: 1.008.000_471 / 64-Bit (OK)
Main class:	Main
Add classpath:	lib\RojeruSan.parte1.jar
Add classpath:	lib\mysql-connector-j-8.2.0.jar
Add classpath:	lib\jcalendar-1.4.jar
Add classpath:	lib\jcalendar-1.4.jar
Launcher:	C:\Program Files\Java\jre1.8.0_471\bin\javaw.exe
Launcher args:	-classpath "C:\APK\apotekrh\src\apotekrh.exe;lib\RojeruSan.parte1.jar;lib\mysql-connector-j-8.2.0.jar;lib\jcalendar-1.4.jar;lib\jcalendar-1.4.jar" Main
Args length:	151/32768 chars
Exit code:	0
